SLURM_CHECKPOINT_IMAGE_DIR=/var/slurm/checkpoint
SLURM_NODELIST=REMOVED
SLURM_JOB_NAME=collect_environment.sh
MANPATH=REMOVED
PMI_SIZE=1
XDG_SESSION_ID=REMOVED
SLURMD_NODENAME=REMOVED
SLURM_TOPOLOGY_ADDR=REMOVED
HOSTNAME=REMOVED
SLURM_PRIO_PROCESS=REMOVED
SLURM_SRUN_COMM_PORT=REMOVED
TMUX_ROOT=REMOVED
SHELL=/bin/bash
TERM=xterm
SLURM_JOB_QOS=normal
HISTSIZE=1000
TMPDIR=/tmp
SLURM_TOPOLOGY_ADDR_PATTERN=node
SSH_CLIENT=REMOVED
SSH_TTY=/dev/pts/17
QT_GRAPHICSSYSTEM_CHECKED=1
SLURM_NNODES=1
USER=USER
http_proxy=REMOVED
SVN_EDITOR=svn
LS_COLORS=rs=0:di=01;34:ln=01;36:mh=00:pi=40;33:so=01;35:do=01;35:bd=40;33;01:cd=40;33;01:or=40;31;01:mi=01;05;37;41:su=37;41:sg=30;43:ca=30;41:tw=30;42:ow=34;42:st=37;44:ex=01;32:*.tar=01;31:*.tgz=01;31:*.arc=01;31:*.arj=01;31:*.taz=01;31:*.lha=01;31:*.lz4=01;31:*.lzh=01;31:*.lzma=01;31:*.tlz=01;31:*.txz=01;31:*.tzo=01;31:*.t7z=01;31:*.zip=01;31:*.z=01;31:*.Z=01;31:*.dz=01;31:*.gz=01;31:*.lrz=01;31:*.lz=01;31:*.lzo=01;31:*.xz=01;31:*.bz2=01;31:*.bz=01;31:*.tbz=01;31:*.tbz2=01;31:*.tz=01;31:*.deb=01;31:*.rpm=01;31:*.jar=01;31:*.war=01;31:*.ear=01;31:*.sar=01;31:*.rar=01;31:*.alz=01;31:*.ace=01;31:*.zoo=01;31:*.cpio=01;31:*.7z=01;31:*.rz=01;31:*.cab=01;31:*.jpg=01;35:*.jpeg=01;35:*.gif=01;35:*.bmp=01;35:*.pbm=01;35:*.pgm=01;35:*.ppm=01;35:*.tga=01;35:*.xbm=01;35:*.xpm=01;35:*.tif=01;35:*.tiff=01;35:*.png=01;35:*.svg=01;35:*.svgz=01;35:*.mng=01;35:*.pcx=01;35:*.mov=01;35:*.mpg=01;35:*.mpeg=01;35:*.m2v=01;35:*.mkv=01;35:*.webm=01;35:*.ogm=01;35:*.mp4=01;35:*.m4v=01;35:*.mp4v=01;35:*.vob=01;35:*.qt=01;35:*.nuv=01;35:*.wmv=01;35:*.asf=01;35:*.rm=01;35:*.rmvb=01;35:*.flc=01;35:*.avi=01;35:*.fli=01;35:*.flv=01;35:*.gl=01;35:*.dl=01;35:*.xcf=01;35:*.xwd=01;35:*.yuv=01;35:*.cgm=01;35:*.emf=01;35:*.axv=01;35:*.anx=01;35:*.ogv=01;35:*.ogx=01;35:*.aac=01;36:*.au=01;36:*.flac=01;36:*.mid=01;36:*.midi=01;36:*.mka=01;36:*.mp3=01;36:*.mpc=01;36:*.ogg=01;36:*.ra=01;36:*.wav=01;36:*.axa=01;36:*.oga=01;36:*.spx=01;36:*.xspf=01;36:
SLURM_STEP_NUM_NODES=1
SLURM_JOBID=REMOVED
SRUN_DEBUG=3
ftp_proxy=REMOVED
SLURM_NTASKS=1
SLURM_LAUNCH_NODE_IPADDR=REMOVED
SLURM_STEP_ID=0
SLURM_STEP_LAUNCHER_PORT=REMOVED
SLURM_TASKS_PER_NODE=1
PATH=REMOVED
MAIL=/var/spool/mail/USER
SLURM_WORKING_CLUSTER=REMOVED
PMI_RANK=0
SLURM_JOB_ID=REMOVED
_=/usr/bin/env
SLURM_JOB_USER=USER
SLURM_STEPID=0
PWD=/home/USER
SLURM_SRUN_COMM_HOST=REMOVED
_LMFILES_=REMOVED
EDITOR=vim
LANG=en_US.UTF-8
SLURM_UMASK=0002
MODULEPATH=REMOVED
SLURM_JOB_UID=REMOVED
LOADEDMODULES=null:tmux/2.8
SLURM_NODEID=0
SLURM_SUBMIT_DIR=/home/USER
PMI_JOBID=REMOVED
SLURM_TASK_PID=158852
SLURM_NPROCS=1
PYTHONDONTWRITEBYTECODE=True
SLURM_CPUS_ON_NODE=56
https_proxy=REMOVED
SLURM_PROCID=0
KRB5CCNAME=REMOVED
HISTCONTROL=ignoredups
SLURM_JOB_NODELIST=REMOVED
HOME=/home/USER
SHLVL=2
SLURM_LOCALID=0
PMI_FD=11
SLURM_JOB_GID=REMOVED
SLURM_JOB_CPUS_PER_NODE=56
SLURM_CLUSTER_NAME=REMOVED
no_proxy=REMOVED
SLURM_GTIDS=0
SLURM_SUBMIT_HOST=REMOVED
SLURM_JOB_PARTITION=REMOVED
LOGNAME=USER
SLURM_STEP_NUM_TASKS=1
SLURM_JOB_ACCOUNT=default
SSH_CONNECTION=REMOVED
XDG_DATA_DIRS=REMOVED
SLURM_JOB_NUM_NODES=1
MODULESHOME=/usr/share/Modules
LESSOPEN=||/usr/bin/lesspipe.sh %s
SLURM_STEP_TASKS_PER_NODE=1
SLURM_STEP_NODELIST=REMOVED
XDG_RUNTIME_DIR=REMOVED
CMAKE_PREFIX_PATH=REMOVED
BASH_FUNC_module()=() {  if [ "x$1" == "xload" ]; then
 logger -p user.info "module $@";
 fi;
 eval `/usr/bin/modulecmd bash $*`
}
+ lsb_release -a
LSB Version:	:core-4.1-amd64:core-4.1-noarch
Distributor ID:	CentOS
Description:	CentOS Linux release 7.6.1810 (Core) 
Release:	7.6.1810
Codename:	Core
+ uname -a
Linux REMOVED 3.10.0-957.1.3.el7.x86_64 #1 SMP Thu Nov 29 14:49:43 UTC 2018 x86_64 x86_64 x86_64 GNU/Linux
+ lscpu
Architecture:          x86_64
CPU op-mode(s):        32-bit, 64-bit
Byte Order:            Little Endian
CPU(s):                56
On-line CPU(s) list:   0-55
Thread(s) per core:    2
Core(s) per socket:    14
Socket(s):             2
NUMA node(s):          2
Vendor ID:             GenuineIntel
CPU family:            6
Model:                 63
Model name:            Intel(R) Xeon(R) CPU E5-2683 v3 @ 2.00GHz
Stepping:              2
CPU MHz:               1199.951
CPU max MHz:           3000.0000
CPU min MHz:           1200.0000
BogoMIPS:              3990.79
Virtualization:        VT-x
L1d cache:             32K
L1i cache:             32K
L2 cache:              256K
L3 cache:              35840K
NUMA node0 CPU(s):     0-13,28-41
NUMA node1 CPU(s):     14-27,42-55
Flags:                 fpu vme de pse tsc msr pae mce cx8 apic sep mtrr pge mca cmov pat pse36 clflush dts acpi mmx fxsr sse sse2 ss ht tm pbe syscall nx pdpe1gb rdtscp lm constant_tsc arch_perfmon pebs bts rep_good nopl xtopology nonstop_tsc aperfmperf eagerfpu pni pclmulqdq dtes64 monitor ds_cpl vmx smx est tm2 ssse3 sdbg fma cx16 xtpr pdcm pcid dca sse4_1 sse4_2 x2apic movbe popcnt aes xsave avx f16c rdrand lahf_lm abm epb intel_ppin ssbd ibrs ibpb tpr_shadow vnmi flexpriority ept vpid fsgsbase tsc_adjust bmi1 avx2 smep bmi2 erms invpcid cqm xsaveopt cqm_llc cqm_occup_llc dtherm ida arat pln pts
+ cat /proc/meminfo
MemTotal:       264032108 kB
MemFree:        256296280 kB
MemAvailable:   255874700 kB
Buffers:               0 kB
Cached:           580120 kB
SwapCached:            0 kB
Active:           455776 kB
Inactive:         353448 kB
Active(anon):     348496 kB
Inactive(anon):   177696 kB
Active(file):     107280 kB
Inactive(file):   175752 kB
Unevictable:     4194304 kB
Mlocked:         4194304 kB
SwapTotal:             0 kB
SwapFree:              0 kB
Dirty:                 0 kB
Writeback:             0 kB
AnonPages:       4423240 kB
Mapped:           169052 kB
Shmem:            297088 kB
Slab:             321636 kB
SReclaimable:     133620 kB
SUnreclaim:       188016 kB
KernelStack:       15712 kB
PageTables:        13084 kB
NFS_Unstable:          0 kB
Bounce:                0 kB
WritebackTmp:          0 kB
CommitLimit:    132016052 kB
Committed_AS:    5025716 kB
VmallocTotal:   34359738367 kB
VmallocUsed:      813408 kB
VmallocChunk:   34224693356 kB
HardwareCorrupted:     0 kB
AnonHugePages:   4261888 kB
CmaTotal:              0 kB
CmaFree:               0 kB
HugePages_Total:       0
HugePages_Free:        0
HugePages_Rsvd:        0
HugePages_Surp:        0
Hugepagesize:       2048 kB
DirectMap4k:      503348 kB
DirectMap2M:     6739968 kB
DirectMap1G:    263192576 kB
+ inxi -F -c0
collect_environment.sh: line 14: inxi: command not found
+ lsblk -a
NAME    MAJ:MIN RM   SIZE RO TYPE MOUNTPOINT
sda       8:0    0 232.9G  0 disk /srv
nvme0n1 259:0    0 745.2G  0 disk /storage/nvme
+ lsscsi -s
[6:0:0:0]    disk    ATA      Samsung SSD 860  1B6Q  /dev/sda    250GB
+ module list
+ '[' xlist == xload ']'
++ /usr/bin/modulecmd bash list
Currently Loaded Modulefiles:
  1) null       2) tmux/2.8
+ eval
+ nvidia-smi
NVIDIA-SMI has failed because it couldn't communicate with the NVIDIA driver. Make sure that the latest NVIDIA driver is installed and running.

+ lshw -short -quiet -sanitize
+ cat
WARNING: you should run this program as super-user.
H/W path         Device  Class          Description
===================================================
                         system         Computer
/0                       bus            Motherboard
/0/0                     memory         256GiB System memory
/0/1                     processor      Intel(R) Xeon(R) CPU E5-2683 v3 @ 2.00GHz
/0/2                     processor      Intel(R) Xeon(R) CPU E5-2683 v3 @ 2.00GHz
/0/100                   bridge         Xeon E7 v3/Xeon E5 v3/Core i7 DMI2
/0/100/1                 bridge         Xeon E7 v3/Xeon E5 v3/Core i7 PCI Express Root Port 1
/0/100/1/0       ib0     network        MT27600 [Connect-IB]
/0/100/2                 bridge         Xeon E7 v3/Xeon E5 v3/Core i7 PCI Express Root Port 2
/0/100/2/0               storage        PCIe Data Center SSD
/0/100/3                 bridge         Xeon E7 v3/Xeon E5 v3/Core i7 PCI Express Root Port 3
/0/100/3.2               bridge         Xeon E7 v3/Xeon E5 v3/Core i7 PCI Express Root Port 3
/0/100/3.2/0     eth0    network        82599ES 10-Gigabit SFI/SFP+ Network Connection
/0/100/3.2/0.1   eth1    network        82599ES 10-Gigabit SFI/SFP+ Network Connection
/0/100/4                 generic        Xeon E7 v3/Xeon E5 v3/Core i7 DMA Channel 0
/0/100/4.1               generic        Xeon E7 v3/Xeon E5 v3/Core i7 DMA Channel 1
/0/100/4.2               generic        Xeon E7 v3/Xeon E5 v3/Core i7 DMA Channel 2
/0/100/4.3               generic        Xeon E7 v3/Xeon E5 v3/Core i7 DMA Channel 3
/0/100/4.4               generic        Xeon E7 v3/Xeon E5 v3/Core i7 DMA Channel 4
/0/100/4.5               generic        Xeon E7 v3/Xeon E5 v3/Core i7 DMA Channel 5
/0/100/4.6               generic        Xeon E7 v3/Xeon E5 v3/Core i7 DMA Channel 6
/0/100/4.7               generic        Xeon E7 v3/Xeon E5 v3/Core i7 DMA Channel 7
/0/100/5                 generic        Xeon E7 v3/Xeon E5 v3/Core i7 Address Map, VTd_Misc, System Management
/0/100/5.1               generic        Xeon E7 v3/Xeon E5 v3/Core i7 Hot Plug
/0/100/5.2               generic        Xeon E7 v3/Xeon E5 v3/Core i7 RAS, Control Status and Global Errors
/0/100/5.4               generic        Xeon E7 v3/Xeon E5 v3/Core i7 I/O APIC
/0/100/11                generic        C610/X99 series chipset SPSR
/0/100/11.4              storage        C610/X99 series chipset sSATA Controller [AHCI mode]
/0/100/16                communication  C610/X99 series chipset MEI Controller #1
/0/100/16.1              communication  C610/X99 series chipset MEI Controller #2
/0/100/1a                bus            C610/X99 series chipset USB Enhanced Host Controller #2
/0/100/1c                bridge         C610/X99 series chipset PCI Express Root Port #1
/0/100/1c.3              bridge         C610/X99 series chipset PCI Express Root Port #4
/0/100/1c.3/0            display        MGA G200e [Pilot] ServerEngines (SEP1)
/0/100/1c.4              bridge         C610/X99 series chipset PCI Express Root Port #5
/0/100/1c.4/0    eth2    network        I350 Gigabit Network Connection
/0/100/1c.4/0.1  eth3    network        I350 Gigabit Network Connection
/0/100/1d                bus            C610/X99 series chipset USB Enhanced Host Controller #1
/0/100/1f                bridge         C610/X99 series chipset LPC Controller
/0/100/1f.2              storage        C610/X99 series chipset 6-Port SATA Controller [AHCI mode]
/0/100/1f.3              bus            C610/X99 series chipset SMBus Controller
/0/3                     generic        Xeon E7 v3/Xeon E5 v3/Core i7 QPI Link 0
/0/6                     generic        Xeon E7 v3/Xeon E5 v3/Core i7 QPI Link 0
/0/7                     generic        Xeon E7 v3/Xeon E5 v3/Core i7 QPI Link 0
/0/8                     generic        Xeon E7 v3/Xeon E5 v3/Core i7 QPI Link 1
/0/9                     generic        Xeon E7 v3/Xeon E5 v3/Core i7 QPI Link 1
/0/a                     generic        Xeon E7 v3/Xeon E5 v3/Core i7 QPI Link 1
/0/b                     generic        Xeon E7 v3/Xeon E5 v3/Core i7 R3 QPI Link 0 & 1 Monitoring
/0/c                     generic        Xeon E7 v3/Xeon E5 v3/Core i7 R3 QPI Link 0 & 1 Monitoring
/0/d                     generic        Xeon E7 v3/Xeon E5 v3/Core i7 R3 QPI Link 0 & 1 Monitoring
/0/e                     generic        Xeon E7 v3/Xeon E5 v3/Core i7 Unicast Registers
/0/f                     generic        Xeon E7 v3/Xeon E5 v3/Core i7 Unicast Registers
/0/10                    generic        Xeon E7 v3/Xeon E5 v3/Core i7 Unicast Registers
/0/11                    generic        Xeon E7 v3/Xeon E5 v3/Core i7 Unicast Registers
/0/12                    generic        Xeon E7 v3/Xeon E5 v3/Core i7 Unicast Registers
/0/13                    generic        Xeon E7 v3/Xeon E5 v3/Core i7 Unicast Registers
/0/14                    generic        Xeon E7 v3/Xeon E5 v3/Core i7 Unicast Registers
/0/15                    generic        Xeon E7 v3/Xeon E5 v3/Core i7 Unicast Registers
/0/16                    generic        Xeon E7 v3/Xeon E5 v3/Core i7 Unicast Registers
/0/17                    generic        Xeon E7 v3/Xeon E5 v3/Core i7 Unicast Registers
/0/18                    generic        Xeon E7 v3/Xeon E5 v3/Core i7 Unicast Registers
/0/19                    generic        Xeon E7 v3/Xeon E5 v3/Core i7 Unicast Registers
/0/1a                    generic        Xeon E7 v3/Xeon E5 v3/Core i7 Unicast Registers
/0/1b                    generic        Xeon E7 v3/Xeon E5 v3/Core i7 Unicast Registers
/0/1c                    generic        Xeon E7 v3/Xeon E5 v3/Core i7 Buffered Ring Agent
/0/1d                    generic        Xeon E7 v3/Xeon E5 v3/Core i7 Buffered Ring Agent
/0/1e                    generic        Xeon E7 v3/Xeon E5 v3/Core i7 Buffered Ring Agent
/0/1f                    generic        Xeon E7 v3/Xeon E5 v3/Core i7 Buffered Ring Agent
/0/20                    generic        Xeon E7 v3/Xeon E5 v3/Core i7 System Address Decoder & Broadcast Registers
/0/21                    generic        Xeon E7 v3/Xeon E5 v3/Core i7 System Address Decoder & Broadcast Registers
/0/22                    generic        Xeon E7 v3/Xeon E5 v3/Core i7 System Address Decoder & Broadcast Registers
/0/23                    generic        Xeon E7 v3/Xeon E5 v3/Core i7 PCIe Ring Interface
/0/24                    generic        Xeon E7 v3/Xeon E5 v3/Core i7 PCIe Ring Interface
/0/25                    generic        Xeon E7 v3/Xeon E5 v3/Core i7 Scratchpad & Semaphore Registers
/0/26                    generic        Xeon E7 v3/Xeon E5 v3/Core i7 Scratchpad & Semaphore Registers
/0/27                    generic        Xeon E7 v3/Xeon E5 v3/Core i7 Scratchpad & Semaphore Registers
/0/28                    generic        Xeon E7 v3/Xeon E5 v3/Core i7 Home Agent 0
/0/29                    generic        Xeon E7 v3/Xeon E5 v3/Core i7 Home Agent 0
/0/2a                    generic        Xeon E7 v3/Xeon E5 v3/Core i7 Home Agent 1
/0/2b                    generic        Xeon E7 v3/Xeon E5 v3/Core i7 Home Agent 1
/0/2c                    generic        Xeon E7 v3/Xeon E5 v3/Core i7 Integrated Memory Controller 0 Target Address, Thermal & RAS Registers
/0/2d                    generic        Xeon E7 v3/Xeon E5 v3/Core i7 Integrated Memory Controller 0 Target Address, Thermal & RAS Registers
/0/2e                    generic        Xeon E7 v3/Xeon E5 v3/Core i7 Integrated Memory Controller 0 Channel Target Address Decoder
/0/2f                    generic        Xeon E7 v3/Xeon E5 v3/Core i7 Integrated Memory Controller 0 Channel Target Address Decoder
/0/30                    generic        Xeon E7 v3/Xeon E5 v3/Core i7 DDRIO Channel 0/1 Broadcast
/0/31                    generic        Xeon E7 v3/Xeon E5 v3/Core i7 DDRIO Global Broadcast
/0/32                    generic        Xeon E7 v3/Xeon E5 v3/Core i7 Integrated Memory Controller 0 Channel 0 Thermal Control
/0/33                    generic        Xeon E7 v3/Xeon E5 v3/Core i7 Integrated Memory Controller 0 Channel 1 Thermal Control
/0/34                    generic        Xeon E7 v3/Xeon E5 v3/Core i7 Integrated Memory Controller 0 Channel 0 ERROR Registers
/0/35                    generic        Xeon E7 v3/Xeon E5 v3/Core i7 Integrated Memory Controller 0 Channel 1 ERROR Registers
/0/36                    generic        Xeon E7 v3/Xeon E5 v3/Core i7 DDRIO (VMSE) 0 & 1
/0/37                    generic        Xeon E7 v3/Xeon E5 v3/Core i7 DDRIO (VMSE) 0 & 1
/0/38                    generic        Xeon E7 v3/Xeon E5 v3/Core i7 DDRIO (VMSE) 0 & 1
/0/39                    generic        Xeon E7 v3/Xeon E5 v3/Core i7 DDRIO (VMSE) 0 & 1
/0/3a                    generic        Xeon E7 v3/Xeon E5 v3/Core i7 Integrated Memory Controller 1 Target Address, Thermal & RAS Registers
/0/3b                    generic        Xeon E7 v3/Xeon E5 v3/Core i7 Integrated Memory Controller 1 Target Address, Thermal & RAS Registers
/0/3c                    generic        Xeon E7 v3/Xeon E5 v3/Core i7 Integrated Memory Controller 1 Channel Target Address Decoder
/0/3d                    generic        Xeon E7 v3/Xeon E5 v3/Core i7 Integrated Memory Controller 1 Channel Target Address Decoder
/0/3e                    generic        Xeon E7 v3/Xeon E5 v3/Core i7 DDRIO Channel 2/3 Broadcast
/0/3f                    generic        Xeon E7 v3/Xeon E5 v3/Core i7 DDRIO Global Broadcast
/0/40                    generic        Xeon E7 v3/Xeon E5 v3/Core i7 Integrated Memory Controller 1 Channel 0 Thermal Control
/0/41                    generic        Xeon E7 v3/Xeon E5 v3/Core i7 Integrated Memory Controller 1 Channel 1 Thermal Control
/0/42                    generic        Xeon E7 v3/Xeon E5 v3/Core i7 Integrated Memory Controller 1 Channel 0 ERROR Registers
/0/43                    generic        Xeon E7 v3/Xeon E5 v3/Core i7 Integrated Memory Controller 1 Channel 1 ERROR Registers
/0/44                    generic        Xeon E7 v3/Xeon E5 v3/Core i7 DDRIO (VMSE) 2 & 3
/0/45                    generic        Xeon E7 v3/Xeon E5 v3/Core i7 DDRIO (VMSE) 2 & 3
/0/46                    generic        Xeon E7 v3/Xeon E5 v3/Core i7 DDRIO (VMSE) 2 & 3
/0/47                    generic        Xeon E7 v3/Xeon E5 v3/Core i7 DDRIO (VMSE) 2 & 3
/0/48                    generic        Xeon E7 v3/Xeon E5 v3/Core i7 Power Control Unit
/0/49                    generic        Xeon E7 v3/Xeon E5 v3/Core i7 Power Control Unit
/0/4a                    generic        Xeon E7 v3/Xeon E5 v3/Core i7 Power Control Unit
/0/4b                    generic        Xeon E7 v3/Xeon E5 v3/Core i7 Power Control Unit
/0/4c                    generic        Xeon E7 v3/Xeon E5 v3/Core i7 Power Control Unit
/0/4d                    generic        Xeon E7 v3/Xeon E5 v3/Core i7 VCU
/0/4e                    generic        Xeon E7 v3/Xeon E5 v3/Core i7 VCU
/0/4                     generic        Xeon E7 v3/Xeon E5 v3/Core i7 DMA Channel 0
/0/4.1                   generic        Xeon E7 v3/Xeon E5 v3/Core i7 DMA Channel 1
/0/4.2                   generic        Xeon E7 v3/Xeon E5 v3/Core i7 DMA Channel 2
/0/4.3                   generic        Xeon E7 v3/Xeon E5 v3/Core i7 DMA Channel 3
/0/4.4                   generic        Xeon E7 v3/Xeon E5 v3/Core i7 DMA Channel 4
/0/4.5                   generic        Xeon E7 v3/Xeon E5 v3/Core i7 DMA Channel 5
/0/4.6                   generic        Xeon E7 v3/Xeon E5 v3/Core i7 DMA Channel 6
/0/4.7                   generic        Xeon E7 v3/Xeon E5 v3/Core i7 DMA Channel 7
/0/5                     generic        Xeon E7 v3/Xeon E5 v3/Core i7 Address Map, VTd_Misc, System Management
/0/5.1                   generic        Xeon E7 v3/Xeon E5 v3/Core i7 Hot Plug
/0/5.2                   generic        Xeon E7 v3/Xeon E5 v3/Core i7 RAS, Control Status and Global Errors
/0/5.4                   generic        Xeon E7 v3/Xeon E5 v3/Core i7 I/O APIC
/0/4f                    generic        Xeon E7 v3/Xeon E5 v3/Core i7 QPI Link 0
/0/50                    generic        Xeon E7 v3/Xeon E5 v3/Core i7 QPI Link 0
/0/51                    generic        Xeon E7 v3/Xeon E5 v3/Core i7 QPI Link 0
/0/52                    generic        Xeon E7 v3/Xeon E5 v3/Core i7 QPI Link 1
/0/53                    generic        Xeon E7 v3/Xeon E5 v3/Core i7 QPI Link 1
/0/54                    generic        Xeon E7 v3/Xeon E5 v3/Core i7 QPI Link 1
/0/55                    generic        Xeon E7 v3/Xeon E5 v3/Core i7 R3 QPI Link 0 & 1 Monitoring
/0/56                    generic        Xeon E7 v3/Xeon E5 v3/Core i7 R3 QPI Link 0 & 1 Monitoring
/0/57                    generic        Xeon E7 v3/Xeon E5 v3/Core i7 R3 QPI Link 0 & 1 Monitoring
/0/58                    generic        Xeon E7 v3/Xeon E5 v3/Core i7 Unicast Registers
/0/59                    generic        Xeon E7 v3/Xeon E5 v3/Core i7 Unicast Registers
/0/5a                    generic        Xeon E7 v3/Xeon E5 v3/Core i7 Unicast Registers
/0/5b                    generic        Xeon E7 v3/Xeon E5 v3/Core i7 Unicast Registers
/0/5c                    generic        Xeon E7 v3/Xeon E5 v3/Core i7 Unicast Registers
/0/5d                    generic        Xeon E7 v3/Xeon E5 v3/Core i7 Unicast Registers
/0/5e                    generic        Xeon E7 v3/Xeon E5 v3/Core i7 Unicast Registers
/0/5f                    generic        Xeon E7 v3/Xeon E5 v3/Core i7 Unicast Registers
/0/60                    generic        Xeon E7 v3/Xeon E5 v3/Core i7 Unicast Registers
/0/61                    generic        Xeon E7 v3/Xeon E5 v3/Core i7 Unicast Registers
/0/62                    generic        Xeon E7 v3/Xeon E5 v3/Core i7 Unicast Registers
/0/63                    generic        Xeon E7 v3/Xeon E5 v3/Core i7 Unicast Registers
/0/64                    generic        Xeon E7 v3/Xeon E5 v3/Core i7 Unicast Registers
/0/65                    generic        Xeon E7 v3/Xeon E5 v3/Core i7 Unicast Registers
/0/66                    generic        Xeon E7 v3/Xeon E5 v3/Core i7 Buffered Ring Agent
/0/67                    generic        Xeon E7 v3/Xeon E5 v3/Core i7 Buffered Ring Agent
/0/68                    generic        Xeon E7 v3/Xeon E5 v3/Core i7 Buffered Ring Agent
/0/69                    generic        Xeon E7 v3/Xeon E5 v3/Core i7 Buffered Ring Agent
/0/6a                    generic        Xeon E7 v3/Xeon E5 v3/Core i7 System Address Decoder & Broadcast Registers
/0/6b                    generic        Xeon E7 v3/Xeon E5 v3/Core i7 System Address Decoder & Broadcast Registers
/0/6c                    generic        Xeon E7 v3/Xeon E5 v3/Core i7 System Address Decoder & Broadcast Registers
/0/6d                    generic        Xeon E7 v3/Xeon E5 v3/Core i7 PCIe Ring Interface
/0/6e                    generic        Xeon E7 v3/Xeon E5 v3/Core i7 PCIe Ring Interface
/0/6f                    generic        Xeon E7 v3/Xeon E5 v3/Core i7 Scratchpad & Semaphore Registers
/0/70                    generic        Xeon E7 v3/Xeon E5 v3/Core i7 Scratchpad & Semaphore Registers
/0/71                    generic        Xeon E7 v3/Xeon E5 v3/Core i7 Scratchpad & Semaphore Registers
/0/72                    generic        Xeon E7 v3/Xeon E5 v3/Core i7 Home Agent 0
/0/73                    generic        Xeon E7 v3/Xeon E5 v3/Core i7 Home Agent 0
/0/74                    generic        Xeon E7 v3/Xeon E5 v3/Core i7 Home Agent 1
/0/75                    generic        Xeon E7 v3/Xeon E5 v3/Core i7 Home Agent 1
/0/76                    generic        Xeon E7 v3/Xeon E5 v3/Core i7 Integrated Memory Controller 0 Target Address, Thermal & RAS Registers
/0/77                    generic        Xeon E7 v3/Xeon E5 v3/Core i7 Integrated Memory Controller 0 Target Address, Thermal & RAS Registers
/0/78                    generic        Xeon E7 v3/Xeon E5 v3/Core i7 Integrated Memory Controller 0 Channel Target Address Decoder
/0/79                    generic        Xeon E7 v3/Xeon E5 v3/Core i7 Integrated Memory Controller 0 Channel Target Address Decoder
/0/7a                    generic        Xeon E7 v3/Xeon E5 v3/Core i7 DDRIO Channel 0/1 Broadcast
/0/7b                    generic        Xeon E7 v3/Xeon E5 v3/Core i7 DDRIO Global Broadcast
/0/7c                    generic        Xeon E7 v3/Xeon E5 v3/Core i7 Integrated Memory Controller 0 Channel 0 Thermal Control
/0/7d                    generic        Xeon E7 v3/Xeon E5 v3/Core i7 Integrated Memory Controller 0 Channel 1 Thermal Control
/0/7e                    generic        Xeon E7 v3/Xeon E5 v3/Core i7 Integrated Memory Controller 0 Channel 0 ERROR Registers
/0/7f                    generic        Xeon E7 v3/Xeon E5 v3/Core i7 Integrated Memory Controller 0 Channel 1 ERROR Registers
/0/80                    generic        Xeon E7 v3/Xeon E5 v3/Core i7 DDRIO (VMSE) 0 & 1
/0/81                    generic        Xeon E7 v3/Xeon E5 v3/Core i7 DDRIO (VMSE) 0 & 1
/0/82                    generic        Xeon E7 v3/Xeon E5 v3/Core i7 DDRIO (VMSE) 0 & 1
/0/83                    generic        Xeon E7 v3/Xeon E5 v3/Core i7 DDRIO (VMSE) 0 & 1
/0/84                    generic        Xeon E7 v3/Xeon E5 v3/Core i7 Integrated Memory Controller 1 Target Address, Thermal & RAS Registers
/0/85                    generic        Xeon E7 v3/Xeon E5 v3/Core i7 Integrated Memory Controller 1 Target Address, Thermal & RAS Registers
/0/86                    generic        Xeon E7 v3/Xeon E5 v3/Core i7 Integrated Memory Controller 1 Channel Target Address Decoder
/0/87                    generic        Xeon E7 v3/Xeon E5 v3/Core i7 Integrated Memory Controller 1 Channel Target Address Decoder
/0/88                    generic        Xeon E7 v3/Xeon E5 v3/Core i7 DDRIO Channel 2/3 Broadcast
/0/89                    generic        Xeon E7 v3/Xeon E5 v3/Core i7 DDRIO Global Broadcast
/0/8a                    generic        Xeon E7 v3/Xeon E5 v3/Core i7 Integrated Memory Controller 1 Channel 0 Thermal Control
/0/8b                    generic        Xeon E7 v3/Xeon E5 v3/Core i7 Integrated Memory Controller 1 Channel 1 Thermal Control
/0/8c                    generic        Xeon E7 v3/Xeon E5 v3/Core i7 Integrated Memory Controller 1 Channel 0 ERROR Registers
/0/8d                    generic        Xeon E7 v3/Xeon E5 v3/Core i7 Integrated Memory Controller 1 Channel 1 ERROR Registers
/0/8e                    generic        Xeon E7 v3/Xeon E5 v3/Core i7 DDRIO (VMSE) 2 & 3
/0/8f                    generic        Xeon E7 v3/Xeon E5 v3/Core i7 DDRIO (VMSE) 2 & 3
/0/90                    generic        Xeon E7 v3/Xeon E5 v3/Core i7 DDRIO (VMSE) 2 & 3
/0/91                    generic        Xeon E7 v3/Xeon E5 v3/Core i7 DDRIO (VMSE) 2 & 3
/0/92                    generic        Xeon E7 v3/Xeon E5 v3/Core i7 Power Control Unit
/0/93                    generic        Xeon E7 v3/Xeon E5 v3/Core i7 Power Control Unit
/0/94                    generic        Xeon E7 v3/Xeon E5 v3/Core i7 Power Control Unit
/0/95                    generic        Xeon E7 v3/Xeon E5 v3/Core i7 Power Control Unit
/0/96                    generic        Xeon E7 v3/Xeon E5 v3/Core i7 Power Control Unit
/0/97                    generic        Xeon E7 v3/Xeon E5 v3/Core i7 VCU
/0/98                    generic        Xeon E7 v3/Xeon E5 v3/Core i7 VCU
/0/99                    system         PnP device PNP0b00
/0/9a                    system         PnP device PNP0c02
/0/9b                    communication  PnP device PNP0501
/0/9c                    communication  PnP device PNP0501
WARNING: output may be incomplete or inaccurate, you should run this program as super-user.
